2018-01-29 22:54:04,878 CRIT Supervisor running as root (no user in config file)
2018-01-29 22:54:04,879 WARN Included extra file "/etc/supervisor/conf.d/supervisord.conf" during parsing
2018-01-29 22:54:04,923 INFO RPC interface 'supervisor' initialized
2018-01-29 22:54:04,923 CRIT Server 'unix_http_server' running without any HTTP authentication checking
2018-01-29 22:54:04,924 INFO supervisord started with pid 1
2018-01-29 22:54:05,928 INFO spawned: 'varnishd' with pid 13
2018-01-29 22:54:05,935 INFO spawned: 'php-fpm' with pid 14
2018-01-29 22:54:05,939 INFO spawned: 'varnish-plugins-watcher' with pid 15
2018-01-29 22:54:05,950 INFO spawned: 'nginx' with pid 16
2018-01-29 22:54:05,957 INFO spawned: 'MailHog' with pid 17
2018-01-29 22:54:05,963 INFO spawned: 'mysql' with pid 18
2018-01-29 22:54:05,967 INFO spawned: 'varnish-themes-watcher' with pid 19
2018-01-29 22:54:07,198 INFO success: varnishd entered RUNNING state, process has stayed up for > than 1 seconds (startsecs)
2018-01-29 22:54:07,199 INFO success: php-fpm entered RUNNING state, process has stayed up for > than 1 seconds (startsecs)
2018-01-29 22:54:07,199 INFO success: varnish-plugins-watcher entered RUNNING state, process has stayed up for > than 1 seconds (startsecs)
2018-01-29 22:54:07,200 INFO success: nginx entered RUNNING state, process has stayed up for > than 1 seconds (startsecs)
2018-01-29 22:54:07,200 INFO success: MailHog entered RUNNING state, process has stayed up for > than 1 seconds (startsecs)
2018-01-29 22:54:07,201 INFO success: mysql entered RUNNING state, process has stayed up for > than 1 seconds (startsecs)
2018-01-29 22:54:07,201 INFO success: varnish-themes-watcher entered RUNNING state, process has stayed up for > than 1 seconds (startsecs)
2018-01-29 23:08:37,857 INFO exited: varnish-plugins-watcher (exit status 0; expected)
2018-01-29 23:08:38,866 INFO spawned: 'varnish-plugins-watcher' with pid 492
2018-01-29 23:08:39,870 INFO success: varnish-plugins-watcher entered RUNNING state, process has stayed up for > than 1 seconds (startsecs)
